2024-04-01 15:23:16 error: "uncaughtException: listen EACCES: permission denied 0.0.0.0:2345\nError: listen EACCES: permission denied 0.0.0.0:2345\n    at Server.setupListenHandle [as _listen2] (node:net:1405:21)\n    at listenInCluster (node:net:1470:12)\n    at Server.listen (node:net:1558:7)\n    at Function.listen (C:\\Users\\AKOTO\\Desktop\\Project\\skillhive\\backend\\node_modules\\express\\lib\\application.js:635:24)\n    at file:///C:/Users/AKOTO/Desktop/Project/skillhive/backend/server.js:38:5\n    at ModuleJob.run (node:internal/modules/esm/module_job:198:25)\n    at async Promise.all (index 0)\n    at async ESMLoader.import (node:internal/modules/esm/loader:409:24)\n    at async loadESM (node:internal/process/esm_loader:85:5)\n    at async handleMainPromise (node:internal/modules/run_main:61:12)"
2024-04-01 15:23:16 error: "Error connecting to redis connect ECONNREFUSED ::1:6379"
2024-04-01 15:46:41 error: "uncaughtException: listen EACCES: permission denied 0.0.0.0:2345\nError: listen EACCES: permission denied 0.0.0.0:2345\n    at Server.setupListenHandle [as _listen2] (node:net:1405:21)\n    at listenInCluster (node:net:1470:12)\n    at Server.listen (node:net:1558:7)\n    at Function.listen (C:\\Users\\AKOTO\\Desktop\\Project\\skillhive\\backend\\node_modules\\express\\lib\\application.js:635:24)\n    at file:///C:/Users/AKOTO/Desktop/Project/skillhive/backend/server.js:38:5\n    at ModuleJob.run (node:internal/modules/esm/module_job:198:25)\n    at async Promise.all (index 0)\n    at async ESMLoader.import (node:internal/modules/esm/loader:409:24)\n    at async loadESM (node:internal/process/esm_loader:85:5)\n    at async handleMainPromise (node:internal/modules/run_main:61:12)"
2024-04-01 15:46:41 error: "Error connecting to redis connect ECONNREFUSED ::1:6379"
2024-04-01 15:46:41 info: "MongoDB database skillhive_dev is connected successfully to the server"
2024-04-04 23:59:37 info: "development Server is running on port 2345"
2024-04-04 23:59:37 error: "Error connecting to redis connect ECONNREFUSED ::1:6379"
2024-04-04 23:59:37 info: "MongoDB database skillhive is connected successfully to the server"
2024-04-04 23:59:37 error: "Error connecting to redis connect ECONNREFUSED ::1:6379"
2024-04-04 23:59:37 error: "Error connecting to redis connect ECONNREFUSED ::1:6379"
2024-04-04 23:59:37 error: "Error connecting to redis connect ECONNREFUSED ::1:6379"
2024-04-04 23:59:38 error: "Error connecting to redis connect ECONNREFUSED ::1:6379"
2024-04-04 23:59:38 error: "Error connecting to redis connect ECONNREFUSED ::1:6379"
2024-04-04 23:59:38 error: "Error connecting to redis connect ECONNREFUSED ::1:6379"
2024-04-04 23:59:38 error: "Error connecting to redis connect ECONNREFUSED ::1:6379"
2024-04-04 23:59:39 error: "Error connecting to redis connect ECONNREFUSED ::1:6379"
2024-04-04 23:59:39 error: "Error connecting to redis connect ECONNREFUSED ::1:6379"
2024-04-04 23:59:40 error: "Error connecting to redis connect ECONNREFUSED ::1:6379"
2024-04-04 23:59:40 error: "Error connecting to redis connect ECONNREFUSED ::1:6379"
2024-04-04 23:59:41 error: "Error connecting to redis connect ECONNREFUSED ::1:6379"
2024-04-04 23:59:41 error: "Error connecting to redis connect ECONNREFUSED ::1:6379"
2024-04-04 23:59:42 error: "Error connecting to redis connect ECONNREFUSED ::1:6379"
2024-04-04 23:59:42 error: "Error connecting to redis connect ECONNREFUSED ::1:6379"
2024-04-04 23:59:43 error: "Error connecting to redis connect ECONNREFUSED ::1:6379"
2024-04-04 23:59:43 error: "Error connecting to redis connect ECONNREFUSED ::1:6379"
2024-04-04 23:59:44 error: "Error connecting to redis connect ECONNREFUSED ::1:6379"
2024-04-04 23:59:44 error: "Error connecting to redis connect ECONNREFUSED ::1:6379"
2024-04-04 23:59:45 error: "Error connecting to redis connect ECONNREFUSED ::1:6379"
2024-04-04 23:59:45 error: "Error connecting to redis connect ECONNREFUSED ::1:6379"
2024-04-04 23:59:46 error: "Error connecting to redis connect ECONNREFUSED ::1:6379"
2024-04-04 23:59:46 error: "Error connecting to redis connect ECONNREFUSED ::1:6379"
2024-04-04 23:59:47 error: "Error connecting to redis connect ECONNREFUSED ::1:6379"
2024-04-04 23:59:47 error: "Error connecting to redis connect ECONNREFUSED ::1:6379"
2024-04-04 23:59:48 error: "Error connecting to redis connect ECONNREFUSED ::1:6379"
2024-04-04 23:59:48 error: "Error connecting to redis connect ECONNREFUSED ::1:6379"
2024-04-04 23:59:49 error: "Error connecting to redis connect ECONNREFUSED ::1:6379"
2024-04-04 23:59:49 error: "Error connecting to redis connect ECONNREFUSED ::1:6379"
2024-04-04 23:59:50 error: "Error connecting to redis connect ECONNREFUSED ::1:6379"
2024-04-04 23:59:50 error: "Error connecting to redis connect ECONNREFUSED ::1:6379"
2024-04-04 23:59:51 error: "Error connecting to redis connect ECONNREFUSED ::1:6379"
2024-04-04 23:59:51 error: "Error connecting to redis connect ECONNREFUSED ::1:6379"
2024-04-04 23:59:52 error: "Error connecting to redis connect ECONNREFUSED ::1:6379"
2024-04-04 23:59:52 error: "Error connecting to redis connect ECONNREFUSED ::1:6379"
2024-04-04 23:59:53 error: "Error connecting to redis connect ECONNREFUSED ::1:6379"
2024-04-05 00:18:41 info: "development Server is running on port 2345"
2024-04-05 00:18:41 info: "Redis is connected successfully to the server"
2024-04-05 00:18:41 info: "MongoDB database skillhive is connected successfully to the server"
2024-04-05 00:20:47 info: "main Server is running on port 2345"
2024-04-05 00:20:47 info: "Redis is connected successfully to the server"
2024-04-05 00:20:47 info: "MongoDB database skillhive is connected successfully to the server"
2024-04-05 01:38:32 info: "Registering user: {\"firstName\":\"test\",\"lastName\":\"user\",\"email\":\"test@gmail.com\",\"password\":\"123456789\"}"
2024-04-05 01:38:46 info: "Registering user: {\"firstName\":\"test\",\"lastName\":\"user\",\"email\":\"test@gmail.com\",\"password\":\"123456789\"}"
2024-04-05 01:38:46 warn: "User already exists"
2024-04-05 01:43:00 info: "Registering user: {\"firstName\":\"test\",\"lastName\":\"user\",\"email\":\"test@gmail.com\",\"password\":\"123456789\"}"
2024-04-05 01:43:00 warn: "User already exists"
2024-04-05 01:44:13 info: "Registering user: {\"firstName\":\"test\",\"lastName\":\"user\",\"email\":\"test@gmail.com\",\"password\":\"123456789\"}"
2024-04-05 01:44:13 warn: "User already exists"
2024-04-05 01:44:34 info: "Registering user: {\"firstName\":\"test\",\"lastName\":\"user\",\"email\":\"test@gmail.com\",\"password\":\"123456789\"}"
2024-04-05 01:44:34 warn: "User already exists"
2024-04-05 01:47:14 info: "Registering user: {\"firstName\":\"test\",\"lastName\":\"user\",\"email\":\"test@gmail.com\",\"password\":\"123456789\"}"
2024-04-05 01:47:14 warn: "User already exists"
2024-04-05 14:36:32 info: "main Server is running on port 2345"
2024-04-05 14:36:32 info: "Redis is connected successfully to the server"
2024-04-05 14:36:32 info: "MongoDB database skillhive is connected successfully to the server"
2024-04-05 14:48:28 info: "main Server is running on port 2345"
2024-04-05 14:48:28 info: "Redis is connected successfully to the server"
2024-04-05 14:48:28 info: "MongoDB database skillhive is connected successfully to the server"
